vboxuser@ubuntu:~/Downloads/ns-allinone-3.43/ns-3.43$ ./ns3 run scratch/novo_main_corrigido.cc 
[  0%] Building CXX object scratch/CMakeFiles/scratch_novo_main_corrigido.dir/novo_main_corrigido.cc.o
[  2%] Linking CXX executable /home/vboxuser/Downloads/ns-allinone-3.43/ns-3.43/build/scratch/ns3.43-novo_main_corrigido-default
AP1 Interfaces: 
  Interface 0address0: ::1
  Interface 1address0: fe80::200:ff:fe00:39
  Interface 1address1: 2001:db8::200:ff:fe00:39
  Interface 2address0: fe80::200:ff:fe00:1
  Interface 2address1: fd00::200:ff:fe00:1
  Interface 3address0: fe80::200:ff:fe00:6
  Interface 3address1: fd00::2:200:ff:fe00:6
AP2 Interfaces: 
  Interface: 0address 0: ::1
  Interface: 1address 0: fe80::200:ff:fe00:6c
  Interface: 1address 1: 2001:db8:1:0:200:ff:fe00:6c
  Interface: 2address 0: fe80::200:ff:fe00:2
  Interface: 2address 1: fd00::200:ff:fe00:2
  Interface: 3address 0: fe80::200:ff:fe00:3
  Interface: 3address 1: fd00::1:200:ff:fe00:3
AP3 Interfaces: 
  Interface: 0address 0: ::1
  Interface: 1address 0: fe80::200:ff:fe00:9f
  Interface: 1address 1: 2001:db8:2:0:200:ff:fe00:9f
  Interface: 2address 0: fe80::200:ff:fe00:4
  Interface: 2address 1: fd00::1:200:ff:fe00:4
  Interface: 3address 0: fe80::200:ff:fe00:5
  Interface: 3address 1: fd00::2:200:ff:fe00:5
TraceDelay TX 1600 bytes to 2001:db8:2:0:200:ff:fe00:9f Uid: 1847 Time: +2s
TraceDelay TX 1600 bytes to 2001:db8:2:0:200:ff:fe00:9f Uid: 1914 Time: +2.05s
TraceDelay TX 1600 bytes to 2001:db8:2:0:200:ff:fe00:9f Uid: 1970 Time: +2.1s
TraceDelay TX 1600 bytes to 2001:db8:2:0:200:ff:fe00:9f Uid: 1983 Time: +2.15s
TraceDelay TX 1600 bytes to 2001:db8:2:0:200:ff:fe00:9f Uid: 1985 Time: +2.2s
ap1 recebeu 0 pacotes UDP. 

