[  0%] Building CXX object scratch/CMakeFiles/scratch_novo_main_corrigido.dir/novo_main_corrigido.cc.o
[  2%] Linking CXX executable /home/vboxuser/Downloads/ns-allinone-3.43/ns-3.43/build/scratch/ns3.43-novo_main_corrigido-default
AP1 Interfaces: 
  Interface 0: ::1
  Interface 1: fe80::200:ff:fe00:39
  Interface 1: 2001:db8::200:ff:fe00:39
  Interface 2: fe80::200:ff:fe00:1
  Interface 2: fd00::200:ff:fe00:1
  Interface 3: fe80::200:ff:fe00:6
  Interface 3: fd00::2:200:ff:fe00:6
AP3 Interfaces: 
  Interface: 0: ::1
  Interface: 1: fe80::200:ff:fe00:9f
  Interface: 1: 2001:db8:2:0:200:ff:fe00:9f
  Interface: 2: fe80::200:ff:fe00:4
  Interface: 2: fd00::1:200:ff:fe00:4
  Interface: 3: fe80::200:ff:fe00:5
  Interface: 3: fd00::2:200:ff:fe00:5
PING 2001:db8:1:0:200:ff:fe00:3a - 1024 bytes of data; 1072 bytes including ICMP and IPv6 headers.
m_seq=0
Received Destination Unreachable from 2001:db8::200:ff:fe00:39
m_seq=1
Received Destination Unreachable from 2001:db8::200:ff:fe00:39
m_seq=2
Received Destination Unreachable from 2001:db8::200:ff:fe00:39
m_seq=3
Received Destination Unreachable from 2001:db8::200:ff:fe00:39
m_seq=4
Received Destination Unreachable from 2001:db8::200:ff:fe00:39

--- 2001:db8:1:0:200:ff:fe00:3a ping statistics ---
5 packets transmitted, 0 received, 100% packet loss, time 5000ms

